This is pdfTeX, Version 3.14159265-2.6-1.40.16 (TeX Live 2015/Debian) (preloaded format=pdflatex 2016.11.9)  20 APR 2017 15:24
entering extended mode
 restricted \write18 enabled.
 %&-line parsing enabled.
**pearl18
(./pearl18.tex
LaTeX2e <2016/02/01>
Babel <3.9q> and hyphenation patterns for 81 language(s) loaded.
(/usr/share/texlive/texmf-dist/tex/latex/aastex/aastex6.cls

LaTeX Warning: You have requested document class `aastex6',
               but the document class provides `aastex'.

Document Class: aastex 2016/02/16 1.0/AAS markup document class
Class aastex Info: 
 
 Original \LaTeX2.09 style by Chris Biemesderfer (chris@seagoat.com). 
 Adapted to \LaTeXe by A. Ogawa (ogawa@teleport.com)
 emulateapj.cls included, Copyright 2000-2015 Alexey Vikhlinin 
 Rewrite and update of emulateapj.cls, revised and enhanced with table macros, 
gridlines, draft watermark,
 ORCID identifier and more, by Amy Hendrickson,
 (amyh@texnology.com, http://www.texnology.com) 
 
  on input line 106.
\bibbaselineskip=\skip41
(/usr/share/texlive/texmf-dist/tex/latex/lineno/lineno.sty
Package: lineno 2005/11/02 line numbers on paragraphs v4.41
\linenopenalty=\count79
\output=\toks14
\linenoprevgraf=\count80
\linenumbersep=\dimen102
\linenumberwidth=\dimen103
\c@linenumber=\count81
\c@pagewiselinenumber=\count82
\c@LN@truepage=\count83
\c@internallinenumber=\count84
\c@internallinenumbers=\count85
\quotelinenumbersep=\dimen104
\bframerule=\dimen105
\bframesep=\dimen106
\bframebox=\box26
LaTeX Info: Redefining \\ on input line 3056.
)
(/usr/share/texlive/texmf-dist/tex/latex/revtex/revtex4-1.cls
Document Class: revtex4-1 2010/07/25/20:33:00 4.1r (http://publish.aps.org/revt
ex4/ for documentation)
 Copyright (c) 2009 The American Physical Society.
 mailto:revtex@aps.org
 Licensed under the LPPL:
http://www.ctan.org/tex-archive/macros/latex/base/lppl.txt
 Arthur Ogawa <arthur_ogawa at sbcglobal dot net>
 Based on work by David Carlisle <david at dcarlisle.demon.co.uk>.
ltxutil[2010/07/25/20:33:00 4.1r utilities package (portions licensed from W. E
. Baxter web at superscript.com)]
LaTeX Info: Redefining \@centercr on input line 308.
Class revtex4-1 Info: Repairing hyperref-unfriendly LaTeX definition of \mpfoot
note on input line 433.
Class revtex4-1 Info: Repairing broken LateX \@sect on input line 755.
\intertabularlinepenalty=\count86
\@tbpen=\count87
\@arstrutbox@hline=\box27
Class revtex4-1 Info: Repairing broken LaTeX \@xbitor on input line 1786.
Class revtex4-1 Info: Making \typeout \long on input line 2046.
ltxfront[2010/07/25/20:33:00 4.1r frontmatter package (AO,DPC)]
\c@affil=\count88
\c@collab=\count89
\absbox=\box28
ltxgrid[2010/07/25/20:33:00 4.1r page grid package (portions licensed from W. E
. Baxter web at superscript.com)]
\c@linecount=\count90
\output@latex=\toks15
\box@size@1=\box29
\box@size@2=\box30
\@protection@box=\box31
\@topmark@saved=\toks16
\footins@saved=\box32
\footins@recovered=\box33
\column@recovered=\box34
\pagesofar=\box35
\footsofar=\box36
\pagegrid@col=\count91

Class revtex4-1 Warning: Failed to recognize \@vspace, \@vspacer, \@no@pgbk, \@
newline, and \\; no patches applied. Please get a more up-to-date class, .

\c@part=\count92
\c@section=\count93
\c@subsection=\count94
\c@subsubsection=\count95
\c@paragraph=\count96
\c@subparagraph=\count97
\abovecaptionskip=\skip42
\belowcaptionskip=\skip43
\c@figure=\count98
\fbox@1=\box37
\c@table=\count99
\fbox@2=\box38
\c@video=\count100
\fbox@4=\box39
\@bibdataout=\write3
\widetext@top=\box40
\widetext@bot=\box41
Class revtex4-1 Info: Selecting society aps on input line 7542.
(/usr/share/texlive/texmf-dist/tex/latex/revtex/aps4-1.rtx
File: aps4-1 2010/07/25/20:33:00 4.1r (http://publish.aps.org/revtex4/ for docu
mentation)
Class revtex4-1 Info: RevTeX society APS selected on input line 31.
)
Class revtex4-1 Info: Selecting journal pra on input line 7544.
Class revtex4-1 Info: APS journal PRA selected on input line 7545.

(/usr/share/texlive/texmf-dist/tex/latex/revtex/aps10pt4-1.rtx
File: aps10pt4-1 2010/07/25/20:33:00 4.1r (http://publish.aps.org/revtex4/ for 
documentation)
Class revtex4-1 Info: RevTeX pointsize 10pt selected on input line 30.
)
(/usr/share/texlive/texmf-dist/tex/latex/textcase/textcase.sty
Package: textcase 2004/10/07 v0.07 Text only upper/lower case changing (DPC)
)
(/usr/share/texlive/texmf-dist/tex/latex/url/url.sty
\Urlmuskip=\muskip10
Package: url 2013/09/16  ver 3.4  Verb mode for urls, etc.
)
(/usr/share/texlive/texmf-dist/tex/latex/natbib/natbib.sty
Package: natbib 2010/09/13 8.31b (PWD, AO)
\bibhang=\skip44
\bibsep=\skip45
LaTeX Info: Redefining \cite on input line 694.
\c@NAT@ctr=\count101
)
Class revtex4-1 Info: Repairing natbib's \BibitemShut on input line 7549.

(/usr/share/texlive/texmf-dist/tex/latex/revtex/revsymb4-1.sty
Package: revsymb4-1 2010/07/25/20:33:00 4.1r (http://publish.aps.org/revtex4/ f
or documentation)
LaTeX Info: Redefining \REV@mathfrak on input line 119.
))
(/usr/share/texlive/texmf-dist/tex/latex/base/latexsym.sty
Package: latexsym 1998/08/17 v2.2e Standard LaTeX package (lasy symbols)
\symlasy=\mathgroup4
LaTeX Font Info:    Overwriting symbol font `lasy' in version `bold'
(Font)                  U/lasy/m/n --> U/lasy/b/n on input line 52.
)
(/usr/share/texlive/texmf-dist/tex/latex/graphics/graphicx.sty
Package: graphicx 2014/10/28 v1.0g Enhanced LaTeX Graphics (DPC,SPQR)

(/usr/share/texlive/texmf-dist/tex/latex/graphics/keyval.sty
Package: keyval 2014/10/28 v1.15 key=value parser (DPC)
\KV@toks@=\toks17
)
(/usr/share/texlive/texmf-dist/tex/latex/graphics/graphics.sty
Package: graphics 2016/01/03 v1.0q Standard LaTeX Graphics (DPC,SPQR)

(/usr/share/texlive/texmf-dist/tex/latex/graphics/trig.sty
Package: trig 2016/01/03 v1.10 sin cos tan (DPC)
)
(/usr/share/texlive/texmf-dist/tex/latex/latexconfig/graphics.cfg
File: graphics.cfg 2010/04/23 v1.9 graphics configuration of TeX Live
)
Package graphics Info: Driver file: pdftex.def on input line 95.

(/usr/share/texlive/texmf-dist/tex/latex/pdftex-def/pdftex.def
File: pdftex.def 2011/05/27 v0.06d Graphics/color for pdfTeX

(/usr/share/texlive/texmf-dist/tex/generic/oberdiek/infwarerr.sty
Package: infwarerr 2010/04/08 v1.3 Providing info/warning/error messages (HO)
)
(/usr/share/texlive/texmf-dist/tex/generic/oberdiek/ltxcmds.sty
Package: ltxcmds 2011/11/09 v1.22 LaTeX kernel commands for general use (HO)
)
\Gread@gobject=\count102
))
\Gin@req@height=\dimen107
\Gin@req@width=\dimen108
)
(/usr/share/texlive/texmf-dist/tex/latex/amsfonts/amssymb.sty
Package: amssymb 2013/01/14 v3.01 AMS font symbols

(/usr/share/texlive/texmf-dist/tex/latex/amsfonts/amsfonts.sty
Package: amsfonts 2013/01/14 v3.01 Basic AMSFonts support
\@emptytoks=\toks18
\symAMSa=\mathgroup5
\symAMSb=\mathgroup6
LaTeX Font Info:    Overwriting math alphabet `\mathfrak' in version `bold'
(Font)                  U/euf/m/n --> U/euf/b/n on input line 106.
LaTeX Info: Redefining \frak on input line 111.
LaTeX Info: Redefining \Bbb on input line 113.
))
(/usr/share/texlive/texmf-dist/tex/generic/epsf/epsf.sty
This is `epsf.tex' v2.7.4 <14 February 2011>
\epsffilein=\read1
\epsfframemargin=\dimen109
\epsfframethickness=\dimen110
\epsfrsize=\dimen111
\epsftmp=\dimen112
\epsftsize=\dimen113
\epsfxsize=\dimen114
\epsfysize=\dimen115
\pspoints=\dimen116
)
\fncount=\count103
\endfncount=\count104
\c@front@matter@foot@note=\count105
\alt@affil@toks=\toks19
\alt@affil@toks@count=\toks20
\keys@width=\skip46
\c@lastfootnote=\count106
\c@remember@figure@num=\count107
\c@remember@table@num=\count108
\bibindent=\dimen117
\plot@width=\skip47
\c@table@save=\count109
\@abovenoteskip=\dimen118
\table@note@skip=\skip48
\deluxe@table@width=\skip49
\@d@t@a=\skip50
\c@deluxe@table@num=\count110
\LTcapwidth=\dimen119
\abovedeluxetableskip=\skip51
\belowdeluxetableskip=\skip52
\lastrowheight=\dimen120
\DT@p@ftn=\toks21
\pt@column=\count111
\pt@ncol=\count112
 (/usr/share/texlive/texmf-dist/tex/latex/tools/longtable.sty
Package: longtable 2014/10/28 v4.11 Multi-page Table package (DPC)
\LTleft=\skip53
\LTright=\skip54
\LTpre=\skip55
\LTpost=\skip56
\LTchunksize=\count113
\LTcapwidth=\dimen121
\LT@head=\box42
\LT@firsthead=\box43
\LT@foot=\box44
\LT@lastfoot=\box45
\LT@cols=\count114
\LT@rows=\count115
\c@LT@tables=\count116
\c@LT@chunks=\count117
\LT@p@ftn=\toks22
)
(/usr/share/texlive/texmf-dist/tex/latex/hyperref/hyperref.sty
Package: hyperref 2012/11/06 v6.83m Hypertext links for LaTeX

(/usr/share/texlive/texmf-dist/tex/generic/oberdiek/hobsub-hyperref.sty
Package: hobsub-hyperref 2012/05/28 v1.13 Bundle oberdiek, subset hyperref (HO)


(/usr/share/texlive/texmf-dist/tex/generic/oberdiek/hobsub-generic.sty
Package: hobsub-generic 2012/05/28 v1.13 Bundle oberdiek, subset generic (HO)
Package: hobsub 2012/05/28 v1.13 Construct package bundles (HO)
Package hobsub Info: Skipping package `infwarerr' (already loaded).
Package hobsub Info: Skipping package `ltxcmds' (already loaded).
Package: ifluatex 2010/03/01 v1.3 Provides the ifluatex switch (HO)
Package ifluatex Info: LuaTeX not detected.
Package: ifvtex 2010/03/01 v1.5 Detect VTeX and its facilities (HO)
Package ifvtex Info: VTeX not detected.
Package: intcalc 2007/09/27 v1.1 Expandable calculations with integers (HO)
Package: ifpdf 2011/01/30 v2.3 Provides the ifpdf switch (HO)
Package ifpdf Info: pdfTeX in PDF mode is detected.
Package: etexcmds 2011/02/16 v1.5 Avoid name clashes with e-TeX commands (HO)
Package etexcmds Info: Could not find \expanded.
(etexcmds)             That can mean that you are not using pdfTeX 1.50 or
(etexcmds)             that some package has redefined \expanded.
(etexcmds)             In the latter case, load this package earlier.
Package: kvsetkeys 2012/04/25 v1.16 Key value parser (HO)
Package: kvdefinekeys 2011/04/07 v1.3 Define keys (HO)
Package: pdftexcmds 2011/11/29 v0.20 Utility functions of pdfTeX for LuaTeX (HO
)
Package pdftexcmds Info: LuaTeX not detected.
Package pdftexcmds Info: \pdf@primitive is available.
Package pdftexcmds Info: \pdf@ifprimitive is available.
Package pdftexcmds Info: \pdfdraftmode found.
Package: pdfescape 2011/11/25 v1.13 Implements pdfTeX's escape features (HO)
Package: bigintcalc 2012/04/08 v1.3 Expandable calculations on big integers (HO
)
Package: bitset 2011/01/30 v1.1 Handle bit-vector datatype (HO)
Package: uniquecounter 2011/01/30 v1.2 Provide unlimited unique counter (HO)
)
Package hobsub Info: Skipping package `hobsub' (already loaded).
Package: letltxmacro 2010/09/02 v1.4 Let assignment for LaTeX macros (HO)
Package: hopatch 2012/05/28 v1.2 Wrapper for package hooks (HO)
Package: xcolor-patch 2011/01/30 xcolor patch
Package: atveryend 2011/06/30 v1.8 Hooks at the very end of document (HO)
Package: atbegshi 2011/10/05 v1.16 At begin shipout hook (HO)
Package: refcount 2011/10/16 v3.4 Data extraction from label references (HO)
Package: hycolor 2011/01/30 v1.7 Color options for hyperref/bookmark (HO)
)
(/usr/share/texlive/texmf-dist/tex/generic/ifxetex/ifxetex.sty
Package: ifxetex 2010/09/12 v0.6 Provides ifxetex conditional
)
(/usr/share/texlive/texmf-dist/tex/latex/oberdiek/auxhook.sty
Package: auxhook 2011/03/04 v1.3 Hooks for auxiliary files (HO)
)
(/usr/share/texlive/texmf-dist/tex/latex/oberdiek/kvoptions.sty
Package: kvoptions 2011/06/30 v3.11 Key value format for package options (HO)
)
\@linkdim=\dimen122
\Hy@linkcounter=\count118
\Hy@pagecounter=\count119

(/usr/share/texlive/texmf-dist/tex/latex/hyperref/pd1enc.def
File: pd1enc.def 2012/11/06 v6.83m Hyperref: PDFDocEncoding definition (HO)
)
\Hy@SavedSpaceFactor=\count120

(/usr/share/texlive/texmf-dist/tex/latex/latexconfig/hyperref.cfg
File: hyperref.cfg 2002/06/06 v1.2 hyperref configuration of TeXLive
)
Package hyperref Info: Option `bookmarks' set `false' on input line 4319.
Package hyperref Info: Option `pdfnewwindow' set `true' on input line 4319.
Package hyperref Info: Option `colorlinks' set `true' on input line 4319.
Package hyperref Info: Hyper figures OFF on input line 4443.
Package hyperref Info: Link nesting OFF on input line 4448.
Package hyperref Info: Hyper index ON on input line 4451.
Package hyperref Info: Plain pages OFF on input line 4458.
Package hyperref Info: Backreferencing OFF on input line 4463.
Package hyperref Info: Implicit mode ON; LaTeX internals redefined.
Package hyperref Info: Bookmarks OFF on input line 4694.
LaTeX Info: Redefining \href on input line 4952.
\c@Hy@tempcnt=\count121
LaTeX Info: Redefining \url on input line 5041.
\XeTeXLinkMargin=\dimen123
\Fld@menulength=\count122
\Field@Width=\dimen124
\Fld@charsize=\dimen125
Package hyperref Info: Hyper figures OFF on input line 6295.
Package hyperref Info: Link nesting OFF on input line 6300.
Package hyperref Info: Hyper index ON on input line 6303.
Package hyperref Info: backreferencing OFF on input line 6310.
Package hyperref Info: Link coloring ON on input line 6313.
Package hyperref Info: Link coloring with OCG OFF on input line 6320.
Package hyperref Info: PDF/A mode OFF on input line 6325.
LaTeX Info: Redefining \ref on input line 6365.
LaTeX Info: Redefining \pageref on input line 6369.
\Hy@abspage=\count123
\c@Item=\count124
\c@Hfootnote=\count125
)

Package hyperref Message: Driver (autodetected): hpdftex.

(/usr/share/texlive/texmf-dist/tex/latex/hyperref/hpdftex.def
File: hpdftex.def 2012/11/06 v6.83m Hyperref driver for pdfTeX
\Fld@listcount=\count126
\c@bookmark@seq@number=\count127

(/usr/share/texlive/texmf-dist/tex/latex/oberdiek/rerunfilecheck.sty
Package: rerunfilecheck 2011/04/15 v1.7 Rerun checks for auxiliary files (HO)
Package uniquecounter Info: New unique counter `rerunfilecheck' on input line 2
82.
)
\Hy@SectionHShift=\skip57
)
(/usr/share/texlive/texmf-dist/tex/latex/xcolor/xcolor.sty
Package: xcolor 2007/01/21 v2.11 LaTeX color extensions (UK)

(/usr/share/texlive/texmf-dist/tex/latex/latexconfig/color.cfg
File: color.cfg 2007/01/18 v1.5 color configuration of teTeX/TeXLive
)
Package xcolor Info: Driver file: pdftex.def on input line 225.
Package xcolor Info: Model `cmy' substituted by `cmy0' on input line 1337.
Package xcolor Info: Model `hsb' substituted by `rgb' on input line 1341.
Package xcolor Info: Model `RGB' extended on input line 1353.
Package xcolor Info: Model `HTML' substituted by `rgb' on input line 1355.
Package xcolor Info: Model `Hsb' substituted by `hsb' on input line 1356.
Package xcolor Info: Model `tHsb' substituted by `hsb' on input line 1357.
Package xcolor Info: Model `HSB' substituted by `hsb' on input line 1358.
Package xcolor Info: Model `Gray' substituted by `gray' on input line 1359.
Package xcolor Info: Model `wave' substituted by `hsb' on input line 1360.
)
(/usr/share/texlive/texmf-dist/tex/latex/tools/array.sty
Package: array 2014/10/28 v2.4c Tabular extension package (FMi)
\col@sep=\dimen126
\extrarowheight=\dimen127
\NC@list=\toks23
\extratabsurround=\skip58
\backup@length=\skip59
)
\colcount=\count128
\firstcolcount=\count129
\secondcolcount=\count130
\thirdcolcount=\count131
\columncount=\count132
\howmanyDs=\count133
\firsthowmanyDs=\count134
\secondhowmanyDs=\count135
\PartsOfTable=\count136
\columnoneandtwo=\count137
\colnumsused=\count138
\loopnum=\count139
\totalcolumncount=\count140
\totalcolumns=\count141
\firsttablebox=\box46
\secondtablebox=\box47
\thirdtablebox=\box48
\longtablebox=\box49
\splitbox=\box50
\maxtablewidth=\dimen128
\savetabskip=\dimen129
\tempcounter=\count142
\colheadcount=\count143
\rotatingbox=\box51
\colorcount=\count144
\refchangenumber=\count145
\listchangenum=\count146

(/usr/share/texlive/texmf-dist/tex/generic/ulem/ulem.sty
\UL@box=\box52
\UL@hyphenbox=\box53
\UL@skip=\skip60
\UL@hook=\toks24
\UL@height=\dimen130
\UL@pe=\count147
\UL@pixel=\dimen131
\ULC@box=\box54
Package: ulem 2012/05/18
\ULdepth=\dimen132
)
\AuthorCallLimit=\count148
\authorcount=\count149
\endauthorcount=\count150
\affilnum=\count151
\curraffilnum=\count152
\tempaffilnum=\count153
\affilcount=\count154
)
Class revtex4-1 Info: Unrecognized array package. Please update this document c
lass! (Proceeding with fingers crossed.) on input line 21.
Class revtex4-1 Info: Patching unrecognized longtable package. (Proceeding with
 fingers crossed) on input line 21.
Class revtex4-1 Info: Robustifying \LaTeX's \boldmath command on input line 21.

Class revtex4-1 Info: cite was not loaded (OK!) on input line 21.
Class revtex4-1 Info: mcite was not loaded (OK!) on input line 21.
Class revtex4-1 Info: multicol was not loaded (OK!) on input line 21.


LaTeX Warning: Unused global option(s):
    [11pt].

(./pearl18.aux)
\openout1 = `pearl18.aux'.

LaTeX Font Info:    Checking defaults for OML/cmm/m/it on input line 21.
LaTeX Font Info:    ... okay on input line 21.
LaTeX Font Info:    Checking defaults for T1/cmr/m/n on input line 21.
LaTeX Font Info:    ... okay on input line 21.
LaTeX Font Info:    Checking defaults for OT1/cmr/m/n on input line 21.
LaTeX Font Info:    ... okay on input line 21.
LaTeX Font Info:    Checking defaults for OMS/cmsy/m/n on input line 21.
LaTeX Font Info:    ... okay on input line 21.
LaTeX Font Info:    Checking defaults for OMX/cmex/m/n on input line 21.
LaTeX Font Info:    ... okay on input line 21.
LaTeX Font Info:    Checking defaults for U/cmr/m/n on input line 21.
LaTeX Font Info:    ... okay on input line 21.
LaTeX Font Info:    Checking defaults for PD1/pdf/m/n on input line 21.
LaTeX Font Info:    ... okay on input line 21.
 (/usr/share/texlive/texmf-dist/tex/context/base/supp-pdf.mkii
[Loading MPS to PDF converter (version 2006.09.02).]
\scratchcounter=\count155
\scratchdimen=\dimen133
\scratchbox=\box55
\nofMPsegments=\count156
\nofMParguments=\count157
\everyMPshowfont=\toks25
\MPscratchCnt=\count158
\MPscratchDim=\dimen134
\MPnumerator=\count159
\makeMPintoPDFobject=\count160
\everyMPtoPDFconversion=\toks26
) (/usr/share/texlive/texmf-dist/tex/latex/oberdiek/epstopdf-base.sty
Package: epstopdf-base 2010/02/09 v2.5 Base part for package epstopdf

(/usr/share/texlive/texmf-dist/tex/latex/oberdiek/grfext.sty
Package: grfext 2010/08/19 v1.1 Manage graphics extensions (HO)
)
Package grfext Info: Graphics extension search list:
(grfext)             [.png,.pdf,.jpg,.mps,.jpeg,.jbig2,.jb2,.PNG,.PDF,.JPG,.JPE
G,.JBIG2,.JB2,.eps]
(grfext)             \AppendGraphicsExtensions on input line 452.

(/usr/share/texlive/texmf-dist/tex/latex/latexconfig/epstopdf-sys.cfg
File: epstopdf-sys.cfg 2010/07/13 v1.3 Configuration of (r)epstopdf for TeX Liv
e
))
\AtBeginShipoutBox=\box56
Package hyperref Info: Link coloring ON on input line 21.

(/usr/share/texlive/texmf-dist/tex/latex/hyperref/nameref.sty
Package: nameref 2012/10/27 v2.43 Cross-referencing by name of section

(/usr/share/texlive/texmf-dist/tex/generic/oberdiek/gettitlestring.sty
Package: gettitlestring 2010/12/03 v1.4 Cleanup title references (HO)
)
\c@section@level=\count161
)
LaTeX Info: Redefining \ref on input line 21.
LaTeX Info: Redefining \pageref on input line 21.
LaTeX Info: Redefining \nameref on input line 21.
Class revtex4-1 Info: Taking \maketitle back from hyperref on input line 21.
Class revtex4-1 Info: Overriding lineo.sty, restoring output routine, on input 
line 21.
Class revtex4-1 Info: Line numbering not turned on yet on input line 21.
\openout3 = `pearl18Notes.bib'.

Class revtex4-1 Info: Overriding \@LN@LLerror on input line 21.
LaTeX Font Info:    Try loading font information for U+lasy on input line 42.

(/usr/share/texlive/texmf-dist/tex/latex/base/ulasy.fd
File: ulasy.fd 1998/08/17 v2.2e LaTeX symbol font definitions
)
LaTeX Font Info:    Try loading font information for U+msa on input line 42.

(/usr/share/texlive/texmf-dist/tex/latex/amsfonts/umsa.fd
File: umsa.fd 2013/01/14 v3.01 AMS symbols A
)
LaTeX Font Info:    Try loading font information for U+msb on input line 42.

(/usr/share/texlive/texmf-dist/tex/latex/amsfonts/umsb.fd
File: umsb.fd 2013/01/14 v3.01 AMS symbols B
)

Class revtex4-1 Warning: Assuming \noaffiliation for authors.

[1{/var/lib/texmf/fonts/map/pdftex/updmap/pdftex.map}] [2] [3] [4] [5] [6]
[7] [8] [9] <pmqag_abs_hist_none.pdf, id=386, 521.57672pt x 401.93915pt>
File: pmqag_abs_hist_none.pdf Graphic file (type pdf)

<use pmqag_abs_hist_none.pdf>
Package pdftex.def Info: pmqag_abs_hist_none.pdf used on input line 433.
(pdftex.def)             Requested size: 359.18063pt x 276.79858pt.

<qagplot2_rd_none_ltpm30.pdf, id=387, 586.23166pt x 291.08499pt>
File: qagplot2_rd_none_ltpm30.pdf Graphic file (type pdf)

<use qagplot2_rd_none_ltpm30.pdf>
Package pdftex.def Info: qagplot2_rd_none_ltpm30.pdf used on input line 446.
(pdftex.def)             Requested size: 410.4955pt x 203.82916pt.

<qagplot2_rd_vick_ltpm30.pdf, id=388, 586.23166pt x 291.08499pt>
File: qagplot2_rd_vick_ltpm30.pdf Graphic file (type pdf)

<use qagplot2_rd_vick_ltpm30.pdf>
Package pdftex.def Info: qagplot2_rd_vick_ltpm30.pdf used on input line 460.
(pdftex.def)             Requested size: 410.4955pt x 203.82916pt.

<qagplot2_rd_pearl_ltpm30.pdf, id=395, 586.23166pt x 291.08499pt>
File: qagplot2_rd_pearl_ltpm30.pdf Graphic file (type pdf)

<use qagplot2_rd_pearl_ltpm30.pdf>
Package pdftex.def Info: qagplot2_rd_pearl_ltpm30.pdf used on input line 473.
(pdftex.def)             Requested size: 410.4955pt x 203.82916pt.

<dist_vs_match_ltpm30.pdf, id=400, 522.03154pt x 399.55524pt>
File: dist_vs_match_ltpm30.pdf Graphic file (type pdf)

<use dist_vs_match_ltpm30.pdf>
Package pdftex.def Info: dist_vs_match_ltpm30.pdf used on input line 486.
(pdftex.def)             Requested size: 359.18063pt x 274.92522pt.

<subsampling_comb.pdf, id=401, 500.95279pt x 399.55524pt>
File: subsampling_comb.pdf Graphic file (type pdf)

<use subsampling_comb.pdf>
Package pdftex.def Info: subsampling_comb.pdf used on input line 499.
(pdftex.def)             Requested size: 359.18063pt x 286.48457pt.

<pearl_corr_map.pdf, id=406, 549.86992pt x 400.9354pt>
File: pearl_corr_map.pdf Graphic file (type pdf)

<use pearl_corr_map.pdf>
Package pdftex.def Info: pearl_corr_map.pdf used on input line 512.
(pdftex.def)             Requested size: 410.4955pt x 299.3243pt.

<l-b-countF8,10,10.pdf, id=409, 585.61914pt x 343.11938pt>
File: l-b-countF8,10,10.pdf Graphic file (type pdf)

<use l-b-countF8,10,10.pdf>
Package pdftex.def Info: l-b-countF8,10,10.pdf used on input line 524.
(pdftex.def)             Requested size: 410.4955pt x 240.52223pt.
 <HRplot.pdf, id=410, 578.16pt x 433.62pt>
File: HRplot.pdf Graphic file (type pdf)

<use HRplot.pdf>
Package pdftex.def Info: HRplot.pdf used on input line 536.
(pdftex.def)             Requested size: 410.4955pt x 307.87236pt.

<substructureF_sideview.pdf, id=411, 400.90994pt x 747.83136pt>
File: substructureF_sideview.pdf Graphic file (type pdf)

<use substructureF_sideview.pdf>
Package pdftex.def Info: substructureF_sideview.pdf used on input line 548.
(pdftex.def)             Requested size: 307.87358pt x 574.28003pt.


LaTeX Warning: Float too large for page by 7.77101pt on input line 560.

<StepThetaF.pdf, id=412, 692.65967pt x 736.52791pt>
File: StepThetaF.pdf Graphic file (type pdf)
 <use StepThetaF.pdf>
Package pdftex.def Info: StepThetaF.pdf used on input line 566.
(pdftex.def)             Requested size: 461.80255pt x 491.04362pt.

<rotationcurve.pdf, id=413, 522.03938pt x 400.9354pt>
File: rotationcurve.pdf Graphic file (type pdf)
 <use rotationcurve.pdf>
Package pdftex.def Info: rotationcurve.pdf used on input line 580.
(pdftex.def)             Requested size: 410.4955pt x 315.26721pt.

<thindisk.pdf, id=414, 475.66208pt x 271.70555pt>
File: thindisk.pdf Graphic file (type pdf)
 <use thindisk.pdf>
Package pdftex.def Info: thindisk.pdf used on input line 592.
(pdftex.def)             Requested size: 410.4955pt x 234.4831pt.
 [10 <./pmqag_abs_hist_none.pdf>] [11 <./qagplot2_rd_none_ltpm30.pdf> <./qagplo
t2_rd_vick_ltpm30.pdf

pdfTeX warning: pdflatex (file ./qagplot2_rd_vick_ltpm30.pdf): PDF inclusion: m
ultiple pdfs with page group included in a single page
>] [12 <./qagplot2_rd_pearl_ltpm30.pdf> <./dist_vs_match_ltpm30.pdf

pdfTeX warning: pdflatex (file ./dist_vs_match_ltpm30.pdf): PDF inclusion: mult
iple pdfs with page group included in a single page
>]

LaTeX Warning: A float is stuck (cannot be placed) on input line 676.

[13 <./subsampling_comb.pdf>]

LaTeX Warning: A float is stuck (cannot be placed) on input line 676.


Class revtex4-1 Warning: Deferred float stuck during \clearpage processing.

[14 <./pearl_corr_map.pdf> <./l-b-countF8,10,10.pdf

pdfTeX warning: pdflatex (file ./l-b-countF8,10,10.pdf): PDF inclusion: multipl
e pdfs with page group included in a single page
>]

LaTeX Warning: A float is stuck (cannot be placed) on input line 676.

[15 <./HRplot.pdf>]

LaTeX Warning: A float is stuck (cannot be placed) on input line 676.


Class revtex4-1 Warning: Deferred float stuck during \clearpage processing.

[16 <./substructureF_sideview.pdf>]

LaTeX Warning: A float is stuck (cannot be placed) on input line 676.

[17 <./StepThetaF.pdf>]

LaTeX Warning: A float is stuck (cannot be placed) on input line 676.


Class revtex4-1 Warning: Deferred float stuck during \clearpage processing.

[18 <./rotationcurve.pdf> <./thindisk.pdf

pdfTeX warning: pdflatex (file ./thindisk.pdf): PDF inclusion: multiple pdfs wi
th page group included in a single page
>]
No file pearl18.bbl.
[19]
Package atveryend Info: Empty hook `AfterLastShipout' on input line 718.
 (./pearl18.aux)
Package atveryend Info: Executing hook `AtVeryEndDocument' on input line 718.
Package atveryend Info: Empty hook `AtEndAfterFileList' on input line 718.
 ) 
Here is how much of TeX's memory you used:
 9167 strings out of 493029
 128326 string characters out of 6136234
 272151 words of memory out of 5000000
 12487 multiletter control sequences out of 15000+600000
 14882 words of font info for 60 fonts, out of 8000000 for 9000
 1141 hyphenation exceptions out of 8191
 36i,8n,37p,2004b,595s stack positions out of 5000i,500n,10000p,200000b,80000s
</usr/share/texlive/texmf-dist/fonts/type1/public/amsfonts/cm/cmbx8.pfb></usr
/share/texlive/texmf-dist/fonts/type1/public/amsfonts/cm/cmbx9.pfb></usr/share/
texlive/texmf-dist/fonts/type1/public/amsfonts/cm/cmcsc10.pfb></usr/share/texli
ve/texmf-dist/fonts/type1/public/amsfonts/cm/cmmi10.pfb></usr/share/texlive/tex
mf-dist/fonts/type1/public/amsfonts/cm/cmmi5.pfb></usr/share/texlive/texmf-dist
/fonts/type1/public/amsfonts/cm/cmmi6.pfb></usr/share/texlive/texmf-dist/fonts/
type1/public/amsfonts/cm/cmmi7.pfb></usr/share/texlive/texmf-dist/fonts/type1/p
ublic/amsfonts/cm/cmmi9.pfb></usr/share/texlive/texmf-dist/fonts/type1/public/a
msfonts/cm/cmr10.pfb></usr/share/texlive/texmf-dist/fonts/type1/public/amsfonts
/cm/cmr5.pfb></usr/share/texlive/texmf-dist/fonts/type1/public/amsfonts/cm/cmr6
.pfb></usr/share/texlive/texmf-dist/fonts/type1/public/amsfonts/cm/cmr7.pfb></u
sr/share/texlive/texmf-dist/fonts/type1/public/amsfonts/cm/cmr8.pfb></usr/share
/texlive/texmf-dist/fonts/type1/public/amsfonts/cm/cmr9.pfb></usr/share/texlive
/texmf-dist/fonts/type1/public/amsfonts/cm/cmsy10.pfb></usr/share/texlive/texmf
-dist/fonts/type1/public/amsfonts/cm/cmsy6.pfb></usr/share/texlive/texmf-dist/f
onts/type1/public/amsfonts/cm/cmsy7.pfb></usr/share/texlive/texmf-dist/fonts/ty
pe1/public/amsfonts/cm/cmsy9.pfb></usr/share/texlive/texmf-dist/fonts/type1/pub
lic/amsfonts/cm/cmti10.pfb></usr/share/texlive/texmf-dist/fonts/type1/public/am
sfonts/cm/cmti12.pfb></usr/share/texlive/texmf-dist/fonts/type1/public/amsfonts
/cm/cmti9.pfb></usr/share/texlive/texmf-dist/fonts/type1/public/amsfonts/cm/cmt
t10.pfb></usr/share/texlive/texmf-dist/fonts/type1/public/amsfonts/cm/cmtt8.pfb
></usr/share/texlive/texmf-dist/fonts/type1/public/amsfonts/cm/cmtt9.pfb>
Output written on pearl18.pdf (19 pages, 2389182 bytes).
PDF statistics:
 1266 PDF objects out of 1440 (max. 8388607)
 721 compressed objects within 8 object streams
 105 named destinations out of 1000 (max. 500000)
 66 words of extra memory for PDF output out of 10000 (max. 10000000)

